<?xml version="1.0" encoding="UTF-8"?>
<!-- Generated by org.testng.reporters.JUnitReportReporter -->
<testsuite hostname="Surya" failures="0" tests="3" name="tests.PutPatchDeleteExamples" time="4.598" errors="0" timestamp="2023-08-08T20:13:58 IST" skipped="0">
  <testcase classname="tests.PutPatchDeleteExamples" name="testPatch" time="0.715"/>
  <testcase classname="tests.PutPatchDeleteExamples" name="testPut" time="0.621"/>
  <testcase classname="tests.PutPatchDeleteExamples" name="testDelete" time="3.262"/>
</testsuite> <!-- tests.PutPatchDeleteExamples -->
