<?xml version="1.0" encoding="UTF-8"?>
<!-- Generated by org.testng.reporters.JUnitReportReporter -->
<testsuite hostname="Surya" failures="0" tests="1" name="tests.GetAndPostExamples" time="2.631" errors="0" timestamp="2023-08-08T19:56:55 IST" skipped="0">
  <testcase classname="tests.GetAndPostExamples" name="testPost" time="2.631"/>
</testsuite> <!-- tests.GetAndPostExamples -->
