<?xml version="1.0" encoding="UTF-8"?>
<!-- Generated by org.testng.reporters.JUnitReportReporter -->
<testsuite hostname="Surya" failures="0" tests="2" name="tests.TestExamples" time="3.537" errors="0" timestamp="2023-08-08T19:47:16 IST" skipped="0">
  <testcase classname="tests.TestExamples" name="test1" time="2.297"/>
  <testcase classname="tests.TestExamples" name="test2" time="1.240"/>
</testsuite> <!-- tests.TestExamples -->
