<?xml version="1.0" encoding="UTF-8"?>
<!-- Generated by org.testng.reporters.JUnitReportReporter -->
<testsuite hostname="Surya" failures="0" tests="1" name="tests.SoapXMLRequest" time="3.564" errors="0" timestamp="2023-08-09T19:57:46 IST" skipped="0">
  <testcase classname="tests.SoapXMLRequest" name="validateSoapXML" time="3.564"/>
</testsuite> <!-- tests.SoapXMLRequest -->
